
Total students will be deactivate: 0

Students got deactivated who have not paid fee on time.

Total students will be deactivate: 0

Students got deactivated who have not paid fee on time.
2023-04-02 12:39:36.875877

Total students will be deactivate: 0

Students got deactivated who have not paid fee on time.



2023-04-02 12:39:59.249501

Total students will be deactivate: 0

Students got deactivated who have not paid fee on time.



-*--*--*--*--*--*--*--*--*--*--*--*--*--*--*--*--*--*--*--*-



2023-04-02 12:40:03.541234

Total students will be deactivate: 0

Students got deactivated who have not paid fee on time.



-*--*--*--*--*--*--*--*--*--*--*--*--*--*--*--*--*--*--*--*-



Executed on:  2023-04-02 12:40:22.120730

Total students will be deactivate: 0

Students got deactivated who have not paid fee on time.



-*--*--*--*--*--*--*--*--*--*--*--*--*--*--*--*--*--*--*--*-



Executed on:  2023-04-02 12:40:42.304016

Total students will get deactivated: 0

Students got deactivated who have not paid fee on time.



-*--*--*--*--*--*--*--*--*--*--*--*--*--*--*--*--*--*--*--*-
